e:\yuizemi\2025production\2025productionexhibition\actiongame1\debug\vc143.pdb
e:\yuizemi\2025production\2025productionexhibition\actiongame1\debug\vc143.idb
e:\yuizemi\2025production\2025productionexhibition\actiongame1\debug\ui.obj
e:\yuizemi\2025production\2025productionexhibition\actiongame1\debug\stage.obj
e:\yuizemi\2025production\2025productionexhibition\actiongame1\debug\skydome.obj
e:\yuizemi\2025production\2025productionexhibition\actiongame1\debug\player.obj
e:\yuizemi\2025production\2025productionexhibition\actiongame1\debug\main.obj
e:\yuizemi\2025production\2025productionexhibition\actiongame1\debug\input.obj
e:\yuizemi\2025production\2025productionexhibition\actiongame1\debug\hitchecker.obj
e:\yuizemi\2025production\2025productionexhibition\actiongame1\debug\enemyattackhitrangechecker.obj
e:\yuizemi\2025production\2025productionexhibition\actiongame1\debug\enemy.obj
e:\yuizemi\2025production\2025productionexhibition\actiongame1\debug\effect.obj
e:\yuizemi\2025production\2025productionexhibition\actiongame1\debug\color.obj
e:\yuizemi\2025production\2025productionexhibition\actiongame1\debug\camera.obj
e:\yuizemi\2025production\2025productionexhibition\actiongame1\debug\box.obj
e:\yuizemi\2025production\2025productionexhibition\actiongame1\debug\beattackedplayerhit.obj
e:\yuizemi\2025production\2025productionexhibition\actiongame1\debug\beattackedenemyhit.obj
e:\yuizemi\2025production\2025productionexhibition\actiongame1\debug\mydxlibgame3d.exe
e:\yuizemi\2025production\2025productionexhibition\actiongame1\debug\mydxlibgame3d.pdb
e:\yuizemi\2025production\2025productionexhibition\actiongame1\debug\mydxlibgame3d.ilk
e:\yuizemi\2025production\2025productionexhibition\actiongame1\debug\attackhitchecker.obj
e:\yuizemi\2025production\2025productionexhibition\actiongame1\debug\attackmanager.obj
e:\yuizemi\2025production\2025productionexhibition\actiongame1\debug\enemyattackrangechecker.obj
e:\yuizemi\2025production\2025productionexhibition\actiongame1\debug\refrectattack.obj
e:\yuizemi\2025production\2025productionexhibition\actiongame1\debug\enemy.obj.enc
e:\yuizemi\2025production\2025productionexhibition\actiongame1\debug\ui.obj.enc
e:\yuizemi\2025production\2025productionexhibition\actiongame1\debug\player.obj.enc
e:\yuizemi\2025production\2025productionexhibition\actiongame1\debug\mydxlibgame3d.tlog\cl.command.1.tlog
e:\yuizemi\2025production\2025productionexhibition\actiongame1\debug\mydxlibgame3d.tlog\cl.items.tlog
e:\yuizemi\2025production\2025productionexhibition\actiongame1\debug\mydxlibgame3d.tlog\cl.read.1.tlog
e:\yuizemi\2025production\2025productionexhibition\actiongame1\debug\mydxlibgame3d.tlog\cl.write.1.tlog
e:\yuizemi\2025production\2025productionexhibition\actiongame1\debug\mydxlibgame3d.tlog\link.command.1.tlog
e:\yuizemi\2025production\2025productionexhibition\actiongame1\debug\mydxlibgame3d.tlog\link.read.1.tlog
e:\yuizemi\2025production\2025productionexhibition\actiongame1\debug\mydxlibgame3d.tlog\link.secondary.1.tlog
e:\yuizemi\2025production\2025productionexhibition\actiongame1\debug\mydxlibgame3d.tlog\link.write.1.tlog
